=======这里进入操作：2022-06-20, 09:07:36===========
提交时间 2022-06-20, 09:08:16
进入详情页成功等待300秒...
进入判断5秒...
进入判断5秒...
进入判断5秒...
进入判断5秒...
进入判断5秒...
进入判断5秒...
进入判断5秒...
进入判断5秒...
进入判断5秒...
进入判断5秒...
进入判断5秒...
进入判断5秒...
图片地址为： http://172.30.25.19:9999/job/ifengnews_android_phone/31351/artifact/build/outputs/qrcode.png
获取分支为： [IfengNewsV7390_mos_harmony] [5ca63b2ed5]
[daily] [base] [admin]


修改信息为： 启动用户ifeng_android@outlook.com
Traceback (most recent call last):
  File "C:\Users\wangjf8.STAFF\packing\androidNews_system_test_package7370.py", line 153, in <module>
    a.test_fengzi()
  File "C:\Users\wangjf8.STAFF\packing\androidNews_system_test_package7370.py", line 110, in test_fengzi
    urllib.request.urlretrieve(filepath, "D:/Automaticpackaging/pack/temp.jpg")
  File "D:\Python3\lib\urllib\request.py", line 251, in urlretrieve
    tfp = open(filename, 'wb')
FileNotFoundError: [Errno 2] No such file or directory: 'D:/Automaticpackaging/pack/temp.jpg'
=======这里进入操作：2022-06-23, 11:29:04===========
提交时间 2022-06-23, 11:29:34
进入详情页成功等待300秒...
进入判断5秒...
进入判断5秒...
进入判断5秒...
进入判断5秒...
进入判断5秒...
进入判断5秒...
进入判断5秒...
进入判断5秒...
进入判断5秒...
进入判断5秒...
进入判断5秒...
进入判断5秒...
进入判断5秒...
图片地址为： http://172.30.25.19:9999/job/ifengnews_android_phone/31414/artifact/build/outputs/qrcode.png
获取分支为： [IfengNewsV7390_mos_harmony] [5ca63b2ed5]
[daily] [base] [admin]


修改信息为： No changes.
图片md5为： ce07107935cdeb0c29354eb33a22db6e
图片base64为 iVBORw0KGgoAAAANSUhEUgAAAJMAAACTAQMAAACwK7lWAAAABlBMVEUAAAD///+l2Z/dAAAAAnRSTlP//8i138cAAAAJcEhZcwAACxIAAAsSAdLdfvwAAAIDSURBVEiJ3Za/zaQwEMUHOXAGDVhyG87cEjSwQAPQkjO3geQG7IwAMfe8f7496RKPLrpD3oDfStZ43ptniP986L9mmWiOiQMvPu2BOgkrfE1MU1S3w594lbBgZk63u7p4dJEmIRvJdNEWFCJnD+KNVPaWpQzniGqNdvOo5Xu2Fob+TdG817enTaw+wQx117T/pmULy2RIX+TUpu3iKhYwZ7H2k4bIHFORMOarJ1uq5oboU18bw2abu+YTmsNxSsTwG4K96wmIPA0SVljd+iCvysl7MJOEofyRFAdobhd/zBKWXcruGv0B3Tb96X0j8wdEg+zkj54Syxh0o+FERfRwvIoYHYSlq24Pb3cJQ4psqOW8SKc12CJht0YewODYyfTuGiQsO2C7aYbHN7JFwsrTZahicTQixiQs+5S96Z9h8NWtkek6VWs8em0e2q4SxpFvSKfVHlUWstvXni01DEyvX3PZyjCLG97glJA4vuajlWV/jciSWMNg5auTsBIAYDcoj7wXMjYjvIbMdvD4ay6bWb1h6lxW3TzvIhaOIfBdG2kXsixheDJKiDUYVv7kWht73jPHSDgHrpq3TxsZ7reZ1X7CbnW/ScRwJ3tkNsYL0plOzLBf9TjRa6ZFDF8u9kb70UsRY4hGvYfNeXFv3RoZ+jdq+AU2R/r+9LSJ/c133b/HfgH7SxfW3NZFOAAAAABJRU5ErkJggg==
{'errcode': 0, 'errmsg': 'ok'}
{'errcode': 0, 'errmsg': 'ok'}
======================操作完成======================
=======这里进入操作：2022-06-23, 15:05:45===========
提交时间 2022-06-23, 15:06:00
进入详情页成功等待300秒...
进入判断5秒...
进入判断5秒...
进入判断5秒...
进入判断5秒...
进入判断5秒...
进入判断5秒...
进入判断5秒...
进入判断5秒...
进入判断5秒...
进入判断5秒...
进入判断5秒...
进入判断5秒...
进入判断5秒...
进入判断5秒...
进入判断5秒...
进入判断5秒...
进入判断5秒...
进入判断5秒...
图片地址为： http://172.30.25.19:9999/job/ifengnews_android_phone/31419/artifact/build/outputs/qrcode.png
获取分支为： [IfengNewsV7491] [e41c921de6]
[daily] [base] [admin]


Traceback (most recent call last):
  File "C:\Users\wangjf8.STAFF\packing\androidNews_system_test_package7370.py", line 164, in <module>
    a.test_fengzi()
  File "C:\Users\wangjf8.STAFF\packing\androidNews_system_test_package7370.py", line 108, in test_fengzi
    val,_,_ = d.detectAndDecode(cv2.imread('222.png'))
cv2.error: OpenCV(4.6.0) D:\a\opencv-python\opencv-python\opencv\modules\objdetect\src\qrcode.cpp:29: error: (-215:Assertion failed) !img.empty() in function 'cv::checkQRInputImage'

=======这里进入操作：2022-06-23, 15:46:56===========
Traceback (most recent call last):
  File "C:\Users\wangjf8.STAFF\packing\androidNews_system_test_package7370.py", line 164, in <module>
    a.test_fengzi()
  File "C:\Users\wangjf8.STAFF\packing\androidNews_system_test_package7370.py", line 57, in test_fengzi
    self.driver.set_window_size(1936, 1056)
  File "D:\Python3\lib\site-packages\selenium\webdriver\remote\webdriver.py", line 1387, in set_window_size
    self.set_window_rect(width=int(width), height=int(height))
  File "D:\Python3\lib\site-packages\selenium\webdriver\remote\webdriver.py", line 1471, in set_window_rect
    return self.execute(Command.SET_WINDOW_RECT, {"x": x, "y": y,
  File "D:\Python3\lib\site-packages\selenium\webdriver\remote\webdriver.py", line 430, in execute
    self.error_handler.check_response(response)
  File "D:\Python3\lib\site-packages\selenium\webdriver\remote\errorhandler.py", line 247, in check_response
    raise exception_class(message, screen, stacktrace)
selenium.common.exceptions.WebDriverException: Message: unknown error: unhandled inspector error: {"code":-32000,"message":"No target with given id"}
  (Session info: MicrosoftEdge=102.0.1245.44)
Stacktrace:
Backtrace:
	Microsoft::Applications::Events::EventProperties::unpack [0x00007FF72D0C3A62+24578]
	Microsoft::Applications::Events::time_ticks_t::time_ticks_t [0x00007FF72CFFE5D2+563682]
	Ordinal0 [0x00007FF72CB00FB5+659381]
	Ordinal0 [0x00007FF72CAED563+578915]
	Ordinal0 [0x00007FF72CAEBE01+572929]
	Ordinal0 [0x00007FF72CAEC0E3+573667]
	Ordinal0 [0x00007FF72CAEC020+573472]
	Ordinal0 [0x00007FF72CAE181D+530461]
	Ordinal0 [0x00007FF72CAE4082+540802]
	Ordinal0 [0x00007FF72CB81BD5+1186773]
	Ordinal0 [0x00007FF72CB577AA+1013674]
	Ordinal0 [0x00007FF72CB6BAD7+1096407]
	Ordinal0 [0x00007FF72CB575C3+1013187]
	Ordinal0 [0x00007FF72CB2E4E0+845024]
	Ordinal0 [0x00007FF72CB2F8D8+850136]
	Microsoft::Applications::Events::EventProperty::EventProperty [0x00007FF72CDB5278+119992]
	Microsoft::Applications::Events::EventProperty::EventProperty [0x00007FF72CDA0D87+36807]
	Microsoft::Applications::Events::EventProperty::EventProperty [0x00007FF72CDA3F1C+49500]
	Microsoft::Applications::Events::EventProperty::to_string [0x00007FF72CBFF606+20582]
	Microsoft::Applications::Events::time_ticks_t::time_ticks_t [0x00007FF72D005A3B+593483]
	Microsoft::Applications::Events::time_ticks_t::time_ticks_t [0x00007FF72D00AF74+615300]
	Microsoft::Applications::Events::time_ticks_t::time_ticks_t [0x00007FF72D00B0CD+615645]
	Microsoft::Applications::Events::time_ticks_t::time_ticks_t [0x00007FF72D015CDE+659694]
	BaseThreadInitThunk [0x00007FF952587974+20]
	RtlUserThreadStart [0x00007FF954D5A2F1+33]

=======这里进入操作：2022-06-23, 15:52:28===========
提交时间 2022-06-23, 15:52:45
进入详情页成功等待300秒...
进入判断5秒...
进入判断5秒...
进入判断5秒...
进入判断5秒...
进入判断5秒...
进入判断5秒...
进入判断5秒...
进入判断5秒...
进入判断5秒...
进入判断5秒...
进入判断5秒...
进入判断5秒...
进入判断5秒...
进入判断5秒...
进入判断5秒...
进入判断5秒...
进入判断5秒...
进入判断5秒...
图片地址为： http://172.30.25.19:9999/job/ifengnews_android_phone/31422/artifact/build/outputs/qrcode.png
获取分支为： [IfengNewsV7491] [e41c921de6]
[daily] [base] [admin]


Traceback (most recent call last):
  File "C:\Users\wangjf8.STAFF\packing\androidNews_system_test_package7370.py", line 164, in <module>
    a.test_fengzi()
  File "C:\Users\wangjf8.STAFF\packing\androidNews_system_test_package7370.py", line 108, in test_fengzi
    val,_,_ = d.detectAndDecode(cv2.imread(filepath))
cv2.error: OpenCV(4.6.0) D:\a\opencv-python\opencv-python\opencv\modules\objdetect\src\qrcode.cpp:29: error: (-215:Assertion failed) !img.empty() in function 'cv::checkQRInputImage'

=======这里进入操作：2022-06-23, 18:09:48===========
提交时间 2022-06-23, 18:10:16
进入详情页成功等待300秒...
进入判断5秒...
进入判断5秒...
进入判断5秒...
进入判断5秒...
进入判断5秒...
进入判断5秒...
进入判断5秒...
进入判断5秒...
进入判断5秒...
进入判断5秒...
进入判断5秒...
进入判断5秒...
进入判断5秒...
进入判断5秒...
进入判断5秒...
进入判断5秒...
进入判断5秒...
进入判断5秒...
图片地址为： http://172.30.25.19:9999/job/ifengnews_android_phone/31433/artifact/build/outputs/qrcode.png
获取分支为： [IfengNewsV7491] [88fdc7925a]
[daily] [base] [admin]


修改信息为： No changes.
Traceback (most recent call last):
  File "C:\Users\wangjf8.STAFF\packing\androidNews_system_test_package7370.py", line 167, in <module>
    a.test_fengzi()
  File "C:\Users\wangjf8.STAFF\packing\androidNews_system_test_package7370.py", line 117, in test_fengzi
    d=cv2.QRCodeDetector()
NameError: name 'cv2' is not defined
=======这里进入操作：2022-06-23, 18:25:48===========
提交时间 2022-06-23, 18:26:11
进入详情页成功等待300秒...
进入判断5秒...
进入判断5秒...
进入判断5秒...
进入判断5秒...
进入判断5秒...
进入判断5秒...
进入判断5秒...
进入判断5秒...
进入判断5秒...
进入判断5秒...
进入判断5秒...
进入判断5秒...
进入判断5秒...
进入判断5秒...
进入判断5秒...
进入判断5秒...
进入判断5秒...
进入判断5秒...
图片地址为： http://172.30.25.19:9999/job/ifengnews_android_phone/31434/artifact/build/outputs/qrcode.png
获取分支为： [IfengNewsV7491] [88fdc7925a]
[daily] [base] [admin]


修改信息为： No changes.
text is: http://172.30.25.19:9999/job/ifengnews_android_phone/31434/artifact/build/jiagu/IfengNewsV7491_31434_V7.49.1.apk
图片md5为： f3d3389c3d163a11531b55bb927d71b1
图片base64为 iVBORw0KGgoAAAANSUhEUgAAAJMAAACTAQMAAACwK7lWAAAABlBMVEUAAAD///+l2Z/dAAAAAnRSTlP//8i138cAAAAJcEhZcwAACxIAAAsSAdLdfvwAAAH/SURBVEiJ3ZYxrqUwDEWNKNLBBpCyjXTZEmyARzYAW0qXbUTKBqBLEeG5eY8/86Vp4plqJqLhIFnOta8N8e+H/mt2Er1CuiltNh2eOgm7uMwmzlZzxke8SpifVot4kVTsAi1CtnDpuL8N/QFbLe8q7YZZyrgsObmgb4t4P+/WxKDfEqbn+aVpE6snTyOi+nR8q2ULO2kiM5Htd9Kbqbidce4d84GQARqkS8JuWwYoAQ0QlT65tDL2aaPyyoVsYt/LGOMSun5RkSyNEnZbfVq89Vfgo/aOgF05dkjB8271ZuNLwm7qjwyLEOqGjjsk7PJlzIg3zTYOlFjCbtwg02BoJloNOwk7zQRPQ0LUbbX6kDDEc76vnrbJeX1J2BVgqbIwDbiHKaOIZT5Y7wodh+eJ18hOQzWLt6dRgZeMpStMSGTxcXjq1srQLxiZLgDQqrSTMVxCw1tH0KeYRWjmQu/yNKiPL5uZ1ztNY4Y7E4fHH43sNGUlJJI2g0RKJ2PVUm9bY1fI2BVgrI8v0eOPV1tZxmb7+BKYDxHzRAbOrkNlI80ShgP5V1Ubx/HXXGtjdc9wnA3kx6p5+rSRYb+9AhYFyl7jLSL23slLJlKY91MnZLPqa80rezwtYdWXu8UAjjKG/xeFQcKn4s08dWtkb/16FzD80DXfNG1gf/Nf9++xHwNBLyVXaSZNAAAAAElFTkSuQmCC
{'errcode': 0, 'errmsg': 'ok'}
{'errcode': 0, 'errmsg': 'ok'}
======================操作完成======================
=======这里进入操作：2022-06-23, 18:44:20===========
提交时间 2022-06-23, 18:44:44
进入详情页成功等待300秒...
进入判断5秒...
进入判断5秒...
进入判断5秒...
进入判断5秒...
进入判断5秒...
进入判断5秒...
进入判断5秒...
进入判断5秒...
进入判断5秒...
进入判断5秒...
进入判断5秒...
进入判断5秒...
进入判断5秒...
进入判断5秒...
进入判断5秒...
进入判断5秒...
进入判断5秒...
进入判断5秒...
进入判断5秒...
进入判断5秒...
进入判断5秒...
进入判断5秒...
进入判断5秒...
图片地址为： http://172.30.25.19:9999/job/ifengnews_android_phone/31436/artifact/build/outputs/qrcode.png
获取分支为： [IfengNewsV7491] [88fdc7925a]
[daily] [base] [admin]


修改信息为： Revision: 88fdc7925a46ff2502dcb11b509f2df958c3ea80
refs/remotes/origin/IfengNewsV7491
text is: http://172.30.25.19:9999/job/ifengnews_android_phone/31436/artifact/build/jiagu/IfengNewsV7491_31436_V7.49.1.apk
图片md5为： e426bd8f8c5344bf04c395be4770522a
图片base64为 iVBORw0KGgoAAAANSUhEUgAAAJMAAACTAQMAAACwK7lWAAAABlBMVEUAAAD///+l2Z/dAAAAAnRSTlP//8i138cAAAAJcEhZcwAACxIAAAsSAdLdfvwAAAICSURBVEiJ3ZYxrqcgEMbHWNDpBUi4Bh1X0gv41wvolei4BgkXkI7COPvxNO8V2zC71S6h0F8xgZn5voH490X/NTuJPtzflFaXDk+dhGW+JkWTM1zoE/ArYV4vFvEiqdgFmoVsLrrDcSz9AVuId5V25EPK+JpLvwVzO8T7vlsTQ/7moN/9k9MmhnUrPSKqT8dPLZvYSbrzF7l+J7PaitsZB3MqPooeA75TlrCbkHuTkQOriZ6ztDLE27z+FBwnse9F7HR69IZ9WlUkR6OE3YR74K/PgQ/0joTlcBH17Hl3ZnXxI2En9ae9JkuoGzrukLBc4lLj6cnFgRJL2K3MSjRYmogWy5uE5UKTRQ5q3RZnDhELfS5fmnZp8yZLGCxkDtfMNOAe9hol7FQ9WmZX10DYT7xWloseVHo0jQp8JAwL7YaDzD4Ob92aWbkWxVsAoEWZTcJOV4WFfVSBCpmt3rOFfqsXer2kkeWSIOuxpBWNFl59NDLmqssjpNXiIFcnYZkNc+019pgVUkZkH12ix1+ttrKCKfHoEpgPEavzDcrmG35AhiUMK/uIsp82bfx4WCv7mjNxskg/Rg19JAzzbamDAmWv8WYRgwMpjEciBb/XnZDN3NeaV/ZoWsJC1eXuYuejjOH94mAkMAZe7Vu3Rob8TQpvAZgfuuY7p03sb951/x77BUu5FDHZ2BaIAAAAAElFTkSuQmCC
{'errcode': 0, 'errmsg': 'ok'}
{'errcode': 0, 'errmsg': 'ok'}
======================操作完成======================
=======这里进入操作：2022-06-24, 09:08:10===========
提交时间 2022-06-24, 09:08:27
进入详情页成功等待300秒...
进入判断5秒...
进入判断5秒...
进入判断5秒...
进入判断5秒...
进入判断5秒...
进入判断5秒...
进入判断5秒...
进入判断5秒...
进入判断5秒...
进入判断5秒...
进入判断5秒...
进入判断5秒...
进入判断5秒...
进入判断5秒...
进入判断5秒...
进入判断5秒...
进入判断5秒...
进入判断5秒...
进入判断5秒...
进入判断5秒...
进入判断5秒...
进入判断5秒...
进入判断5秒...
进入判断5秒...
进入判断5秒...
进入判断5秒...
进入判断5秒...
进入判断5秒...
进入判断5秒...
进入判断5秒...
进入判断5秒...
进入判断5秒...
进入判断5秒...
进入判断5秒...
进入判断5秒...
进入判断5秒...
进入判断5秒...
进入判断5秒...
进入判断5秒...
进入判断5秒...
进入判断5秒...
进入判断5秒...
进入判断5秒...
进入判断5秒...
进入判断5秒...
进入判断5秒...
进入判断5秒...
进入判断5秒...
进入判断5秒...
进入判断5秒...
进入判断5秒...
进入判断5秒...
进入判断5秒...
进入判断5秒...
进入判断5秒...
进入判断5秒...
进入判断5秒...
图片地址为： http://172.30.25.19:9999/job/ifengnews_android_phone/31443/artifact/build/outputs/qrcode.png
获取分支为： Revision: 6c474dd7fc46696604ec11fb4d200a6968aa5eb9
refs/remotes/origin/IfengNewsV7491_shuzlm
修改信息为： No changes.
text is: http://172.30.25.19:9999/job/ifengnews_android_phone/31443/artifact/build/jiagu/IfengNewsV7491_shuzlm_31443_V7.49.1.apk
图片md5为： b6f4d0228c861cb0f95a52d5ad720733
图片base64为 iVBORw0KGgoAAAANSUhEUgAAAJMAAACTAQMAAACwK7lWAAAABlBMVEUAAAD///+l2Z/dAAAAAnRSTlP//8i138cAAAAJcEhZcwAACxIAAAsSAdLdfvwAAAIRSURBVEiJ3ZYxjuQgEEULOSCzL4DENci4kn2BcfsC9pXIuAYSFzAZAXLt97hnd6RNqNUGq0UdtF9LNPxf9cvEvy/6r9lJNDt7Ud44H4GUhBVuH2TI80vbEvEoYcHMPinOOw0l0iJlzh4RxyH1B8x/nkjTImX3k90qTTV/v1sPg35LNO/PL0272L0qv4jW2tQ3L3vYSW12aSSjQpv9c49u5nOB8M5MkTnmImNp4rxFeD4c0UwSVsJwOfvyvBONjjcZM4rbUtuoE3maJIzD8KK0MoRPpJ/9etnlEjzHt6k2WKckjIPdvRldUjHvOh8SBt8IW9678hafe/SzvIW0RAvTjjCwhJVqVMVOcMB8eHtI2KWHS9+mfRDkb0rCODbcfqtJ4SDhqdNeVtieviGHTjIj2SJh6EvFafT5vN370r6PXXdw0qj5Ioj37NfL0B9L5RLhG8Swm4TBLpQbZDsdraEtIhYMChyxPXr4PWwSdhGjTHZUHGVGjElYQQZE+9Jtjejptx+dDP+/aygBCWEgrRKGzF5RLxEdRugSEbv3c1DRTCi3akTsojTCsdu9NtOXfn0Mq4SG0D0dxvI7wzrZeXeVIQchMVeHQ8Lu+YaDRLiHxnpndi9DvUR7BHSzIXryT8CWOpwa5YZZYVnKAqKaFH5xZhExvmcjXgdOzS/Hh4R9znOMuDSTmX9mdh/72+96/zb7AfxsMvpTe05eAAAAAElFTkSuQmCC
{'errcode': 0, 'errmsg': 'ok'}
{'errcode': 0, 'errmsg': 'ok'}
======================操作完成======================
=======这里进入操作：2022-06-24, 11:30:39===========
提交时间 2022-06-24, 11:30:56
进入详情页成功等待300秒...
进入判断5秒...
进入判断5秒...
进入判断5秒...
进入判断5秒...
进入判断5秒...
进入判断5秒...
进入判断5秒...
进入判断5秒...
进入判断5秒...
进入判断5秒...
进入判断5秒...
进入判断5秒...
进入判断5秒...
进入判断5秒...
进入判断5秒...
进入判断5秒...
进入判断5秒...
进入判断5秒...
进入判断5秒...
图片地址为： http://172.30.25.19:9999/job/ifengnews_android_phone/31445/artifact/build/outputs/qrcode.png
获取分支为： Revision: 0d9a0dd967e244ed051c9fa9275c0f5ec750ed4f
refs/remotes/origin/master
修改信息为： No changes.
text is: http://172.30.25.19:9999/job/ifengnews_android_phone/31445/artifact/build/jiagu/master_31445_V7.48.0.apk
图片md5为： abd872f7701bea27aa0924a31754948f
图片base64为 iVBORw0KGgoAAAANSUhEUgAAAIcAAACHAQMAAAAGKdhJAAAABlBMVEUAAAD///+l2Z/dAAAAAnRSTlP//8i138cAAAAJcEhZcwAACxIAAAsSAdLdfvwAAAGuSURBVEiJ3ZZBjoQgEEXLuGDXfQESrsGOK+kF1L6AXskd1yDhArBjQaz5aqczmY3lYjLJGGLwLaDqU/WR+OdD/4QkosExr7pzlcgISebaWZNUO1s9spiseqDwLLVTGDdIZ+NGEevcIqM3izezukO49p6zb7dvWVwS6NN7fY6PYpfkPIAj0++nc0ESaVJtsvxiCCslmTGHOHFSkb2UJAoDtYn2THsxyRCnxKVUcvHljZBw0YOlns1G7aykZMOhO5A4K7xZSJLVDY5PIWZ6HrtLCPTJ3HKpjQ+9mGykxzW+ilmwtZjkgkl9kJkd4mcxqQ/FaY9Zd2efCgivCIBGDo3nyUlJ9tQgU187mIOVkm2vSRqojh75spCgxjriicxm9yElaressSDmmL2U7PpYeqCkXXiuUpLgPE7DJHOh5h3zNYGT4DMpA9dqViMl/jBkW0mhVcVk1WgBxLAwNWefCgieRDyrgBZITkoOr0MMZnLvGpMQZDoyjXvv4NYQEzi/gqoGC5K9Q5w5vC6Qu0H6wtATlvLZ/ZrgvuCzxngTE4TaqTDY0Ky416Tk9/4T/pJ8AZF53H9EVBb0AAAAAElFTkSuQmCC
{'errcode': 0, 'errmsg': 'ok'}
{'errcode': 0, 'errmsg': 'ok'}
======================操作完成======================
=======这里进入操作：2022-06-27, 08:54:51===========
提交时间 2022-06-27, 08:55:30
进入详情页成功等待300秒...
进入判断5秒...
进入判断5秒...
进入判断5秒...
进入判断5秒...
进入判断5秒...
进入判断5秒...
进入判断5秒...
进入判断5秒...
进入判断5秒...
进入判断5秒...
进入判断5秒...
进入判断5秒...
进入判断5秒...
进入判断5秒...
进入判断5秒...
进入判断5秒...
进入判断5秒...
进入判断5秒...
图片地址为： http://172.30.25.19:9999/job/ifengnews_android_phone/31492/artifact/build/outputs/qrcode.png
获取分支为： Revision: 7909e664904aabd6f99db47e8f51835c3a25811a
refs/remotes/origin/IfengNewsV7500
修改信息为： No changes.
text is: http://172.30.25.19:9999/job/ifengnews_android_phone/31492/artifact/build/jiagu/IfengNewsV7500_31492_V7.50.0.apk
图片md5为： bf71194c570756792e13ea7023090fa0
图片base64为 iVBORw0KGgoAAAANSUhEUgAAAJMAAACTAQMAAACwK7lWAAAABlBMVEUAAAD///+l2Z/dAAAAAnRSTlP//8i138cAAAAJcEhZcwAACxIAAAsSAdLdfvwAAAH3SURBVEiJ3Za9EeQgDIXlISCzG2CGNshoad2AfxowLZHRBjM0YGcOPNY9dn23wSXoLrpjCJYv0IL0nmTi3xf912wnmk91U1l8CZE6CTv4ejl6ecsnzQlHCYtm0oiXSecu0Shk42k6Vnz+CZuZN102sixlfI1nWZO9PXXftzUx5G9M5tnfnDYxrNtdA6LGEr61bGI7GaKLPFJoF1dxOzsihxPbDIk5lUPCEK+L9kAOHAL/uksTu2sKzXziOoWjErI8RMuxLDqTp0HCcNo9TupIHKAdEePqD468ebv4PEsY3rFRtQjqBsUFEfO5d4hnXvhBhSVs1wpy62FNosnxKmLOTA45qHWbvA0SdrBa49vTvqwovoRxhJWvkamvD7oGCasq83bTV0/Yz3+0snjN/HgaFZhFjO2tDS4yxtw/dWtm9RG8pjxpmrRdJYwZMaq3QlK7kO3+6mo8tZ6m149XG9mty01mOMsCoaWPP5oZqk24SFkcOvfVSdhxqpCq1o538WUMSqGPL6HxPItYhLo/vgTmIGLoBxFd8N0PMGokDGsnKAUmgymfHtbI3nMmvxzSj1Hz0Wkrw3ybvNoIZS+IN4pY7UAYj0Qa/d50UqZVrXllj6clrPpy87mLWcb400jQCHlxP+vWxmr+WAVGF4RqvjltYX/zXffvsR/ZXCppnrnP4QAAAABJRU5ErkJggg==
{'errcode': 0, 'errmsg': 'ok'}
{'errcode': 0, 'errmsg': 'ok'}
======================操作完成======================
=======这里进入操作：2022-06-27, 17:37:11===========
提交时间 2022-06-27, 17:37:53
进入详情页成功等待300秒...
进入判断5秒...
进入判断5秒...
进入判断5秒...
进入判断5秒...
进入判断5秒...
进入判断5秒...
进入判断5秒...
进入判断5秒...
进入判断5秒...
进入判断5秒...
进入判断5秒...
进入判断5秒...
进入判断5秒...
进入判断5秒...
进入判断5秒...
进入判断5秒...
进入判断5秒...
进入判断5秒...
进入判断5秒...
图片地址为： http://172.30.25.19:9999/job/ifengnews_android_phone/31502/artifact/build/outputs/qrcode.png
获取分支为： Revision: c785f0e042a8fa6f9b855972f4ccadceaaea07fb
refs/remotes/origin/IfengNewsV7500
修改信息为： Changes
fix:正文内容页顶部热点没有曝光 (details)
fix:【统计】头条直播样式自动播放page和v统计缺少atype=auto (details)
从V7500客户端不再获取基站定位 (details)
text is: http://172.30.25.19:9999/job/ifengnews_android_phone/31502/artifact/build/jiagu/IfengNewsV7500_31502_V7.50.0.apk
图片md5为： 5579e5d72d374fd691287170698a3206
图片base64为 iVBORw0KGgoAAAANSUhEUgAAAJMAAACTAQMAAACwK7lWAAAABlBMVEUAAAD///+l2Z/dAAAAAnRSTlP//8i138cAAAAJcEhZcwAACxIAAAsSAdLdfvwAAAIKSURBVEiJ3ZYxju0gDEUdUaR72QAS26BjS8kGkpcNJFuiYxtIbCB0FCj+l/fzZ0b6DW4H0eREQvjavob4/0W/ml1Eq9VLoHk02dMgYZnrOkZyCh9bwKeEeb15dVOkMQ6BFiGbrWGuW6BJzpbCx5gO6CFliINSDuq2NPyIrYdBvyXoZ39r2sXaKnXjuIR0/shlD7tcfLkK7e/R7KxEDBe/qS4lncXg/yRhiIMs52Buq4m+aq2L3dijnkokm25Sp4RxqC+HIkXG9EoIRcBySNcYZ4cC54P0IGKFXqQYwJm3i5uEXSO/LR+QgdWO7EnYPdJscZ6ekUBKLGHsDZfW1pBhK3/rtJflEFfHZ6mTj0jhIGGX5d2rgyry9n6072UfL6kL0wtx2DpJ2O0gIYJQh9ND0SKWmcilHXWKqrG0SRgXxUGvri4hTuHRvpPhIkTIGKobMtAkYagyDmYP6vQKHZYlDPrRyGB70a+RWcLQi3sxuWjYyeXMKWHwD7TjGdLborHqIGLEaKnZIQiMi7qImEOukHO9hRZQlrBc0mGhOjyb//luN2MYWLtR8wMyIoZ1WVhRm8nw7Cxhbc5wnC1ObVN9kzDkHM1xU9p92vnrLdDH2jxPh0sZpz6eLWBrG1D8hun6ugnZFlpfHi4O/plbvewTx9Ua2py+LhL2mefqRFs39/3WtIf1vuF+B/sDZ2coVlHMhRAAAAAASUVORK5CYII=
{'errcode': 0, 'errmsg': 'ok'}
{'errcode': 0, 'errmsg': 'ok'}
======================操作完成======================
=======这里进入操作：2022-06-28, 09:00:44===========
提交时间 2022-06-28, 09:01:11
进入详情页成功等待300秒...
进入判断5秒...
进入判断5秒...
进入判断5秒...
进入判断5秒...
进入判断5秒...
进入判断5秒...
进入判断5秒...
进入判断5秒...
进入判断5秒...
进入判断5秒...
进入判断5秒...
进入判断5秒...
进入判断5秒...
进入判断5秒...
进入判断5秒...
进入判断5秒...
进入判断5秒...
进入判断5秒...
进入判断5秒...
图片地址为： http://172.30.25.19:9999/job/ifengnews_android_phone/31507/artifact/build/outputs/qrcode.png
获取分支为： Revision: c785f0e042a8fa6f9b855972f4ccadceaaea07fb
refs/remotes/origin/IfengNewsV7500
修改信息为： No changes.
text is: http://172.30.25.19:9999/job/ifengnews_android_phone/31507/artifact/build/jiagu/IfengNewsV7500_31507_V7.50.0.apk
图片md5为： f7b1c5d4f02cbae658ebd1d48dbefa96
图片base64为 iVBORw0KGgoAAAANSUhEUgAAAJMAAACTAQMAAACwK7lWAAAABlBMVEUAAAD///+l2Z/dAAAAAnRSTlP//8i138cAAAAJcEhZcwAACxIAAAsSAdLdfvwAAAH9SURBVEiJ3ZY9juQgEIXLIiCzL4DENci4kvsC/rlAcyUyroHEBezMgeXax9iaDjahVhOMFlkt+FpCUFXvFcR/D/qv2UY0R3VRWbmESJ2E7XyOLo/e8kFzwlLCoplcuSiTzl2il5C9kulYXe5f2OTtW5c34iFlfL64rMlenrrP3ZoY4oezPN8npk0M46JzwK6xhE8um9hGpkuGvLq0XVzF7WxPHJINh+k1YlB2CbucGSL+sZgQ3WdpZp5XNvNxki8clYhxXVmOZdGZPA0SdpHdGStVL4TakbDNncOhOPLb28XnWcQwJUiEkDdUXBAxd5LDfmb0uafCEoZTQJG9o5FocoilgEGRvUMMat4glCBhKJCNVNW0L2u0u4RdRKQhL+pxD8RSxDRvGpo+e8L37NfMzKgfTSMDs4jBwLTBQV4x90/e2hkRyjzlSdOk7Sphm0d1W2grJLUJGY4/1f3UestawjZd+DDDURYUWnr00cqIhmjhIouDc5+diDm1Vl3aPcLvZaxO461L1Pity2YGQR+3LoE5yFimepsvPyDLEoaxOSQcvxDl42uNrPYZziPc90Crueu0laG/zazQGNeE58B3b2xjtSef3QF1wu9NJ2YKzrdUdmtaxKou3x4JzDKG94uHkaBgeXFP3hoZ4jdqFRJeMaia75g2sZ9+6/1u9gfEPxlWhabhcgAAAABJRU5ErkJggg==
{'errcode': 0, 'errmsg': 'ok'}
{'errcode': 0, 'errmsg': 'ok'}
======================操作完成======================
=======这里进入操作：2022-06-28, 17:53:33===========
提交时间 2022-06-28, 17:54:12
进入详情页成功等待300秒...
进入判断5秒...
进入判断5秒...
进入判断5秒...
进入判断5秒...
进入判断5秒...
进入判断5秒...
进入判断5秒...
进入判断5秒...
进入判断5秒...
进入判断5秒...
进入判断5秒...
进入判断5秒...
进入判断5秒...
进入判断5秒...
进入判断5秒...
进入判断5秒...
进入判断5秒...
进入判断5秒...
图片地址为： http://172.30.25.19:9999/job/ifengnews_android_phone/31523/artifact/build/outputs/qrcode.png
获取分支为： Revision: 0793f52ba7261c05a2ac68f22cea8d44372fde30
refs/remotes/origin/IfengNewsV7500
修改信息为： Changes
修复使用通用跳转跳转到小视频页面时，点赞退出再进入，点赞数量不正确的问题（原因：操作的对象不是同一个对象） (details)
盖楼统计问题处理 (details)
fix：【评论】评论字数过多时，长按出现【分享/复制】气泡展示不正确 (details)
修复 【ID1005180】我的个人主页评论区点击热点内容时无反应 (details)
text is: http://172.30.25.19:9999/job/ifengnews_android_phone/31523/artifact/build/jiagu/IfengNewsV7500_31523_V7.50.0.apk
图片md5为： c12728d7d248a404d39edf19791237af
图片base64为 iVBORw0KGgoAAAANSUhEUgAAAJMAAACTAQMAAACwK7lWAAAABlBMVEUAAAD///+l2Z/dAAAAAnRSTlP//8i138cAAAAJcEhZcwAACxIAAAsSAdLdfvwAAAIDSURBVEiJ3ZY9rqQwEIQbOXAGF7DkazjzlYYL8HMBuJIzXwPJF4DMgUVveZi3+6RN3LvRLkIa8QU9uLuqGuLfL/qv2Uk0h3RTWjntgToJu7iMkV7ecqY54lHCgpm8uukgfXSRRiEbY+lYod4fsMnbTacN/ZCyeg61Rnt71Pt2tgaG/o3RfO5fPW1i9YpmQNWQ9m+zbGEnGXKG0EJtF1dxO7sCDsF7Nr1G4XRJGGczZHuhB6hKn/drZHjanJlzIZ84KBE7tRnZckiLPsjTIGE3qZXxpC6cBtqRsKq1rDjw5u3ij1nCbq9OKi9HmBsUt0sYpE2Eeublj54SS9hJaSHqHb2IJseriPkyB/Sgzg1G2UUM7x7envZpDfaSMA7HEMvI1OMcrgwSdhP+H54uPeF+6rWyK5uO0+NpTGCWsNvZzRu8yBiO/muWjYxDrbHGY9I0abtK2Ol409Vbe1SnkEEpvUc9tT62lrDTV5kPGapJCKRRwvA7OYsUWRwaWToJu7K6fdXaFbArhKzG7eNLaPzj1VaGuA2PL4F5F7EIX8Jh7zwgyxKG68pQSh3gyk+GtbK6Z/h4ObQfq+bRaSvDfpu0wmJcIz4Hfu7GNoYE0qVDGmnkvemEDHsVybdU9nhawt6+3PzRIRtEjJ8gQSDx4j5za2TvfY71CLWqx6Pt7G++6/499gPNsRemmSENcQAAAABJRU5ErkJggg==
{'errcode': 0, 'errmsg': 'ok'}
{'errcode': 0, 'errmsg': 'ok'}
======================操作完成======================
=======这里进入操作：2022-06-29, 15:17:47===========
提交时间 2022-06-29, 15:18:20
进入详情页成功等待300秒...
进入判断5秒...
进入判断5秒...
进入判断5秒...
进入判断5秒...
进入判断5秒...
进入判断5秒...
进入判断5秒...
进入判断5秒...
进入判断5秒...
进入判断5秒...
进入判断5秒...
进入判断5秒...
进入判断5秒...
进入判断5秒...
进入判断5秒...
进入判断5秒...
进入判断5秒...
进入判断5秒...
图片地址为： http://172.30.25.19:9999/job/ifengnews_android_phone/31542/artifact/build/outputs/qrcode.png
获取分支为： Revision: dd35cb512c8e01db34bd266762710d37bf7ffc56
refs/remotes/origin/IfengNewsV7500
修改信息为： Changes
fix 聊吧节目单头像部分点击跳转问题 (details)
fix UI字体问题 (details)
fix 快手小视频卡片分享的bug (details)
规范代码 (details)
fix:放映厅评论时提交参数有问题，导致个人中心评论列表中内容link返回有问题 (details)
text is: http://172.30.25.19:9999/job/ifengnews_android_phone/31542/artifact/build/jiagu/IfengNewsV7500_31542_V7.50.0.apk
图片md5为： 1ed85a8749ab134b31f36c7e49fd441e
图片base64为 iVBORw0KGgoAAAANSUhEUgAAAJMAAACTAQMAAACwK7lWAAAABlBMVEUAAAD///+l2Z/dAAAAAnRSTlP//8i138cAAAAJcEhZcwAACxIAAAsSAdLdfvwAAAH4SURBVEiJ3Za9rewgEIXHckDmbQCJNshoyduAfxqwWyKjDSQaMBkB8rzj9d7d4CbMCy8i8bcSOz4z52Di34v+NDuI5tKflFZOu6dOwjLXZ4mjM1xoDniUMK8nh/MiqdgFegrZ09eOey7/wybFm0qbYpYyrqPt12BOR9333ZoY9HsG/d5fTZsY1unqAyr6tH972cQO0uSw+1OZxV64nbFHt3kv+hGgQcoSdqo6Oc7QwGqiu5Zm5syi9FwqucS+FzHm+CgGFS0qkqOHiHneHJ76HHjH7IgY1w4lXL+YxcVZxsxaMDKEvmHidgnL4T5Pjy4OlFjCmNNaaLA0Ek2WVwk7HKYMGlx9m5zZRcz2p3152qXVmyxiCkFSn0wD3sPWh4z1mzKbqgNh/5zXxpihXLo9jQ7MEnZcEaJRCJQY3n1rZZnjqHgNcVI0KbNKGM47lIG39tAfQpYDEhfn9WvRg2KWsINSRhiUtGDQwu2PVsY+zgWFpMXqDl6RsHz9/TVr2SPvpUxP9vYlZvz2ZTMrH18C8y5jFZY66JUHZFjCsHLBpMAoMOVPrrWx1z0TRwv5cdW857SR4X6bYBFC2xH8n7uxjV15WbtCpJD3uhMzWBOZDXZ7WsBuXyK5Ox9lDDdqQJBcRlnsu2+NDPqNV5zcU/PRtIm1fsP9DfYPi6Y+gpbnYusAAAAASUVORK5CYII=
{'errcode': 0, 'errmsg': 'ok'}
{'errcode': 0, 'errmsg': 'ok'}
======================操作完成======================
=======这里进入操作：2022-06-30, 09:01:31===========
提交时间 2022-06-30, 09:02:04
进入详情页成功等待300秒...
进入判断5秒...
进入判断5秒...
进入判断5秒...
进入判断5秒...
进入判断5秒...
进入判断5秒...
进入判断5秒...
进入判断5秒...
进入判断5秒...
进入判断5秒...
进入判断5秒...
进入判断5秒...
进入判断5秒...
进入判断5秒...
进入判断5秒...
进入判断5秒...
进入判断5秒...
进入判断5秒...
进入判断5秒...
图片地址为： http://172.30.25.19:9999/job/ifengnews_android_phone/31553/artifact/build/outputs/qrcode.png
获取分支为： Revision: 7193f778a8beab05f318e6b7cf5d22543197c1bc
refs/remotes/origin/IfengNewsV7500
修改信息为： Changes
fix:特大字体，论坛进行发帖，点击分类选项有遮挡 (details)
fix：【快手小视频】快手小视频广告不展示，点击查看详情无反应 (details)
text is: http://172.30.25.19:9999/job/ifengnews_android_phone/31553/artifact/build/jiagu/IfengNewsV7500_31553_V7.50.0.apk
图片md5为： 131e9e645fbcd19f614eb29550088da5
图片base64为 iVBORw0KGgoAAAANSUhEUgAAAJMAAACTAQMAAACwK7lWAAAABlBMVEUAAAD///+l2Z/dAAAAAnRSTlP//8i138cAAAAJcEhZcwAACxIAAAsSAdLdfvwAAAH+SURBVEiJ3Za9racwEMQXOXAGDVhyG87cEjTARwPQkjO3geQGIHNgsTf8QfdOusR7L3pnkfALjHd2Zg3x34v+a3YQTawuSrNPW6BGwk4uPVHvLWeaIl4lLJgppot20nsTaRCyIZeGFed/YRPzqtOqmaXsriMt0V6emj9rq2DQb4jmfb40rWJYlzYdlyGk7auXVewg02RDXl3azu7G9YyjXdhu2bS3BumUMJQO/U5o4AzRc5Zadmi7cZlyIZ84KCGDXyyHNOudPHUSdgY+PN7UGXmDd0Qs7kSKA6/ezn6fJIyzWl3pHaFvcNwmYReh29jP9H5vKbGE4RSHo9YR0jk6XiTsgLUDNLj7Nnq7iZhDHerOtE9LsKeEcaBel4GpRR2udBJ23JLbVZeW8LzfqGSXL118M40OTBKGOk42OMgQ9vbtWy279I6RucR91DRqu0gYfLpqi2xtUR1CdrgyeuynlifWIkZ3t7ucZhgtPvmoZpq6YDFFZmcaLo2EnVHd8fL2DJj3QsbU5SeX8Pib1VqWE+cnl8C8iVg0DeJFn3lAliUM6yA4BU1AKJ8ZVss+98ze3/Ljqnl9Wslwv41erYS2J+w3iBgmEHKZiTTmvWnETGHyzTcrnZANn1yufsdAkjHc5xqDBKbj2b19q2TQ73MWMzq45remVew7/3U/j/0CCQoYNg5Bl0cAAAAASUVORK5CYII=
{'errcode': 0, 'errmsg': 'ok'}
{'errcode': 0, 'errmsg': 'ok'}
======================操作完成======================
=======这里进入操作：2022-07-01, 09:04:04===========
提交时间 2022-07-01, 09:05:04
进入详情页成功等待300秒...
进入判断5秒...
进入判断5秒...
进入判断5秒...
进入判断5秒...
进入判断5秒...
进入判断5秒...
进入判断5秒...
进入判断5秒...
进入判断5秒...
进入判断5秒...
进入判断5秒...
进入判断5秒...
进入判断5秒...
进入判断5秒...
进入判断5秒...
进入判断5秒...
进入判断5秒...
进入判断5秒...
图片地址为： http://172.30.25.19:9999/job/ifengnews_android_phone/31569/artifact/build/outputs/qrcode.png
获取分支为： Revision: 26dfcffda6795e8bc4cac09cfc5b84b9a57ae4ed
refs/remotes/origin/IfengNewsV7500
修改信息为： Changes
fix:【更多栏目】在栏目详情页底部的更多栏目横排，点击跳转时加载异常，看请求接口，id没拿到 (details)
fix：盖楼式评论，删除楼里的评论后，所删除的评论还在，应该消失 (details)
text is: http://172.30.25.19:9999/job/ifengnews_android_phone/31569/artifact/build/jiagu/IfengNewsV7500_31569_V7.50.0.apk
图片md5为： ff99eb371b2dd4c1f2c9f85681228d8b
图片base64为 iVBORw0KGgoAAAANSUhEUgAAAJMAAACTAQMAAACwK7lWAAAABlBMVEUAAAD///+l2Z/dAAAAAnRSTlP//8i138cAAAAJcEhZcwAACxIAAAsSAdLdfvwAAAH/SURBVEiJ3ZYxrqQwEEQbOXDGXADJ13DmK8EFGLgAvpIzX8OSLwAZgUVvGf7s/9Imbm20i9CMeEGrqe4qQ/znRf8124lmqy7KK2cfqJOwg8sUaXSGT3pHPEpYGGaHeol06iJNQjbF0rFiNCJnaGHTeXPMUob3CGqN5nKo9/1uLQz6TXH4ur81bWL1iuVVq2b/Y5YtbKeh40KQUJvFVtzOLqvw78+h1yicDwk7Qpk1H9DADkRPL63s0srH4X2incxBCVnpreGQF53I0UvCdm18xJM6InvsjoQdZ4E/OPDmzOLSW8KY805ltIS5YeO8hO2UxlpvGF3qKbOIWahOvaWxmptXCQPoTmhQ5zY740WM8m5vT7u8BnNI2G4L6TIx9XgPW14yBjebDZMn3J96bew4U48ubk9jAm8JgycWN6CRKaT+M8tGdoQ0Ol5jmjXN2qwSxgxfGnjLR7UL2eWQB6in1sfWImbzQsPrxG/m+PijlSHA3sFUJWwNpE7CdoJmddcgRhdlrOYQPb7Ejn95tZWxAr59CcxexDAxi02/84AMSxgurBtpLCxM+WRYK8M5M2pEAuTHUfPsaSvD+YYzeSOMHZ8Dv8/GNlbzsnQnkUbeD52URYXkWyp7PC1g4+3LzaUuJBnjJ0gQ/LzYzyzb2K2fQiN36v/QtIH9zXfdv8d+AXOtJwMUViHxAAAAAElFTkSuQmCC
{'errcode': 0, 'errmsg': 'ok'}
{'errcode': 0, 'errmsg': 'ok'}
======================操作完成======================
=======这里进入操作：2022-07-01, 13:03:55===========
提交时间 2022-07-01, 13:04:39
进入详情页成功等待300秒...
进入判断5秒...
进入判断5秒...
进入判断5秒...
进入判断5秒...
进入判断5秒...
进入判断5秒...
进入判断5秒...
进入判断5秒...
进入判断5秒...
进入判断5秒...
进入判断5秒...
进入判断5秒...
进入判断5秒...
进入判断5秒...
进入判断5秒...
进入判断5秒...
进入判断5秒...
进入判断5秒...
进入判断5秒...
图片地址为： http://172.30.25.19:9999/job/ifengnews_android_phone/31581/artifact/build/outputs/qrcode.png
获取分支为： Revision: b8a7777904f78258cd0adb25b270782ea495a2ec
refs/remotes/origin/IfengNewsV7500
修改信息为： Changes
解决bug 1005264：【民调】答题选选项时会跳到最后，选完最后一题后，就隐藏了民调结果 (details)
更新灰度标签 (details)
修复 【ID1005175】缓存好的合集视频内容，无网的情况下无法点开播放 (details)
修复好友列表页加载失败，原因：未登录IM (details)
text is: http://172.30.25.19:9999/job/ifengnews_android_phone/31581/artifact/build/jiagu/IfengNewsV7500_31581_V7.50.0.apk
图片md5为： 0ccb166249d54791ba9d694a22b23266
图片base64为 iVBORw0KGgoAAAANSUhEUgAAAJMAAACTAQMAAACwK7lWAAAABlBMVEUAAAD///+l2Z/dAAAAAnRSTlP//8i138cAAAAJcEhZcwAACxIAAAsSAdLdfvwAAAIMSURBVEiJ3Za9rewgEIXHckC2bgCJNshoyW7AXjdgt0RGG0g0YDIHyPMOvuu3T3oJk160ib+V0PycOQPx/4d+NTuIFi5ToFGZ7KmTsMxlVpFcj48l4FPCvF7O/qJIKnaBJiEbFaIvS6BBzqbTbCpt1rCU1Zv6HPrLUvfNrYmhflPQn9+3pk0M53Jl4TiFtH972cQOFwfWqP2lzMq9iGWP+1CGWoP7fwHjU7+glGAuq4k+8TWyfPJGZTgj2XRRv4sYx85DpOiYngmpCBhDaC6ODgLHxboTsVCgUwZw5u3iImKed6RiEVS/onsSdtgyW9ynRxdflFjEXL+eNFtMCS3nR6etzJbRIZwy+Ej00W4jy4Hftkfr0Lf3049GxkGTKhPTC3nYMkgY9HIpJNFvTnenFrGrKiWt0Kmj0dIiYo43pWcH+4xD+Kl9K4OXTB4dg7pRBhok7LIGKltDv3u4kckSxlzzBlvrgD7+0sYuSgeZfFY7OZzZRcyVV3Xc9LYYrNJJ2OHSpTCXSCLezZcwG1+153oJhdSj8TaW2RxVpPBsfny3mXlMBSpx+wEZEcPJPh2q7mR4dpYw7JkRNbB6OBHOj05bGbSG4UD3Vp9W/vsWaGN1n6fNJRjw+Hh2O5vrguI3TNeXRcpUncvNwfifvdXI6sMHCsVAm92XScLu+iF8fbvvPzVtYK1vuN/B/gB7DiqZKl+jRgAAAABJRU5ErkJggg==
{'errcode': 0, 'errmsg': 'ok'}
{'errcode': 0, 'errmsg': 'ok'}
======================操作完成======================
=======这里进入操作：2022-07-11, 08:59:52===========
Traceback (most recent call last):
  File "C:\Users\wangjf8.STAFF\packing\androidNews_system_test_package.py", line 168, in <module>
    a.test_fengzi()
  File "C:\Users\wangjf8.STAFF\packing\androidNews_system_test_package.py", line 70, in test_fengzi
    "//*[@id='main-panel']/form/table/tbody[14]/tr[1]/td[3]/div/input[2]").send_keys(
  File "D:\Python3\lib\site-packages\selenium\webdriver\remote\webelement.py", line 600, in send_keys
    self._execute(Command.SEND_KEYS_TO_ELEMENT,
  File "D:\Python3\lib\site-packages\selenium\webdriver\remote\webelement.py", line 773, in _execute
    return self._parent.execute(command, params)
  File "D:\Python3\lib\site-packages\selenium\webdriver\remote\webdriver.py", line 430, in execute
    self.error_handler.check_response(response)
  File "D:\Python3\lib\site-packages\selenium\webdriver\remote\errorhandler.py", line 247, in check_response
    raise exception_class(message, screen, stacktrace)
selenium.common.exceptions.InvalidArgumentException: Message: invalid argument: File not found : D:/Automaticpackaging/pack/testmainline.txt
  (Session info: MicrosoftEdge=103.0.1264.49)
Stacktrace:
Backtrace:
	Microsoft::Applications::Events::EventProperties::unpack [0x00007FF685653A62+24578]
	Microsoft::Applications::Events::time_ticks_t::time_ticks_t [0x00007FF68558E5D2+563682]
	Ordinal0 [0x00007FF685090FB5+659381]
	Ordinal0 [0x00007FF6850C4D86+871814]
	Ordinal0 [0x00007FF6850E77AA+1013674]
	Ordinal0 [0x00007FF6850BFFC4+851908]
	Ordinal0 [0x00007FF6850E7AC0+1014464]
	Ordinal0 [0x00007FF6850FBAD7+1096407]
	Ordinal0 [0x00007FF6850E75C3+1013187]
	Ordinal0 [0x00007FF6850BE4E0+845024]
	Ordinal0 [0x00007FF6850BF8D8+850136]
	Microsoft::Applications::Events::EventProperty::EventProperty [0x00007FF685345278+119992]
	Microsoft::Applications::Events::EventProperty::EventProperty [0x00007FF685330D87+36807]
	Microsoft::Applications::Events::EventProperty::EventProperty [0x00007FF685333F1C+49500]
	Microsoft::Applications::Events::EventProperty::to_string [0x00007FF68518F606+20582]
	Microsoft::Applications::Events::time_ticks_t::time_ticks_t [0x00007FF685595A3B+593483]
	Microsoft::Applications::Events::time_ticks_t::time_ticks_t [0x00007FF68559AF74+615300]
	Microsoft::Applications::Events::time_ticks_t::time_ticks_t [0x00007FF68559B0CD+615645]
	Microsoft::Applications::Events::time_ticks_t::time_ticks_t [0x00007FF6855A5CDE+659694]
	BaseThreadInitThunk [0x00007FF8F7F77974+20]
	RtlUserThreadStart [0x00007FF8FA4FA2F1+33]

=======这里进入操作：2022-07-11, 18:57:49===========
Traceback (most recent call last):
  File "C:\Users\wangjf8.STAFF\packing\androidNews_system_test_package.py", line 168, in <module>
    a.test_fengzi()
  File "C:\Users\wangjf8.STAFF\packing\androidNews_system_test_package.py", line 70, in test_fengzi
    "//*[@id='main-panel']/form/table/tbody[14]/tr[1]/td[3]/div/input[2]").send_keys(
  File "D:\Python3\lib\site-packages\selenium\webdriver\remote\webelement.py", line 600, in send_keys
    self._execute(Command.SEND_KEYS_TO_ELEMENT,
  File "D:\Python3\lib\site-packages\selenium\webdriver\remote\webelement.py", line 773, in _execute
    return self._parent.execute(command, params)
  File "D:\Python3\lib\site-packages\selenium\webdriver\remote\webdriver.py", line 430, in execute
    self.error_handler.check_response(response)
  File "D:\Python3\lib\site-packages\selenium\webdriver\remote\errorhandler.py", line 247, in check_response
    raise exception_class(message, screen, stacktrace)
selenium.common.exceptions.InvalidArgumentException: Message: invalid argument: File not found : D:/Automaticpackaging/pack/testmainline.txt
  (Session info: MicrosoftEdge=103.0.1264.49)
Stacktrace:
Backtrace:
	Microsoft::Applications::Events::EventProperties::unpack [0x00007FF6D52F3A62+24578]
	Microsoft::Applications::Events::time_ticks_t::time_ticks_t [0x00007FF6D522E5D2+563682]
	Ordinal0 [0x00007FF6D4D30FB5+659381]
	Ordinal0 [0x00007FF6D4D64D86+871814]
	Ordinal0 [0x00007FF6D4D877AA+1013674]
	Ordinal0 [0x00007FF6D4D5FFC4+851908]
	Ordinal0 [0x00007FF6D4D87AC0+1014464]
	Ordinal0 [0x00007FF6D4D9BAD7+1096407]
	Ordinal0 [0x00007FF6D4D875C3+1013187]
	Ordinal0 [0x00007FF6D4D5E4E0+845024]
	Ordinal0 [0x00007FF6D4D5F8D8+850136]
	Microsoft::Applications::Events::EventProperty::EventProperty [0x00007FF6D4FE5278+119992]
	Microsoft::Applications::Events::EventProperty::EventProperty [0x00007FF6D4FD0D87+36807]
	Microsoft::Applications::Events::EventProperty::EventProperty [0x00007FF6D4FD3F1C+49500]
	Microsoft::Applications::Events::EventProperty::to_string [0x00007FF6D4E2F606+20582]
	Microsoft::Applications::Events::time_ticks_t::time_ticks_t [0x00007FF6D5235A3B+593483]
	Microsoft::Applications::Events::time_ticks_t::time_ticks_t [0x00007FF6D523AF74+615300]
	Microsoft::Applications::Events::time_ticks_t::time_ticks_t [0x00007FF6D523B0CD+615645]
	Microsoft::Applications::Events::time_ticks_t::time_ticks_t [0x00007FF6D5245CDE+659694]
	BaseThreadInitThunk [0x00007FF8F7F77974+20]
	RtlUserThreadStart [0x00007FF8FA4FA2F1+33]

=======这里进入操作：2022-07-11, 19:21:58===========
Traceback (most recent call last):
  File "C:\Users\wangjf8.STAFF\packing\androidNews_system_test_package.py", line 168, in <module>
    a.test_fengzi()
  File "C:\Users\wangjf8.STAFF\packing\androidNews_system_test_package.py", line 73, in test_fengzi
    self.driver.find_element(By.ID, "yui-gen3-button").click()
  File "D:\Python3\lib\site-packages\selenium\webdriver\remote\webelement.py", line 89, in click
    self._execute(Command.CLICK_ELEMENT)
  File "D:\Python3\lib\site-packages\selenium\webdriver\remote\webelement.py", line 773, in _execute
    return self._parent.execute(command, params)
  File "D:\Python3\lib\site-packages\selenium\webdriver\remote\webdriver.py", line 430, in execute
    self.error_handler.check_response(response)
  File "D:\Python3\lib\site-packages\selenium\webdriver\remote\errorhandler.py", line 247, in check_response
    raise exception_class(message, screen, stacktrace)
selenium.common.exceptions.ElementNotInteractableException: Message: element not interactable: element has zero size
  (Session info: MicrosoftEdge=103.0.1264.49)
Stacktrace:
Backtrace:
	Microsoft::Applications::Events::EventProperties::unpack [0x00007FF6D52F3A62+24578]
	Microsoft::Applications::Events::time_ticks_t::time_ticks_t [0x00007FF6D522E5D2+563682]
	Ordinal0 [0x00007FF6D4D30FB5+659381]
	Ordinal0 [0x00007FF6D4D6D8E7+907495]
	Ordinal0 [0x00007FF6D4D60831+854065]
	Ordinal0 [0x00007FF6D4D877AA+1013674]
	Ordinal0 [0x00007FF6D4D5FFC4+851908]
	Ordinal0 [0x00007FF6D4D87AC0+1014464]
	Ordinal0 [0x00007FF6D4D9BAD7+1096407]
	Ordinal0 [0x00007FF6D4D875C3+1013187]
	Ordinal0 [0x00007FF6D4D5E4E0+845024]
	Ordinal0 [0x00007FF6D4D5F8D8+850136]
	Microsoft::Applications::Events::EventProperty::EventProperty [0x00007FF6D4FE5278+119992]
	Microsoft::Applications::Events::EventProperty::EventProperty [0x00007FF6D4FD0D87+36807]
	Microsoft::Applications::Events::EventProperty::EventProperty [0x00007FF6D4FD3F1C+49500]
	Microsoft::Applications::Events::EventProperty::to_string [0x00007FF6D4E2F606+20582]
	Microsoft::Applications::Events::time_ticks_t::time_ticks_t [0x00007FF6D5235A3B+593483]
	Microsoft::Applications::Events::time_ticks_t::time_ticks_t [0x00007FF6D523AF74+615300]
	Microsoft::Applications::Events::time_ticks_t::time_ticks_t [0x00007FF6D523B0CD+615645]
	Microsoft::Applications::Events::time_ticks_t::time_ticks_t [0x00007FF6D5245CDE+659694]
	BaseThreadInitThunk [0x00007FF8F7F77974+20]
	RtlUserThreadStart [0x00007FF8FA4FA2F1+33]

=======这里进入操作：2022-07-11, 19:26:19===========
提交时间 2022-07-11, 19:26:43
进入详情页成功等待300秒...
Traceback (most recent call last):
  File "C:\Users\wangjf8.STAFF\packing\androidNews_system_test_package.py", line 168, in <module>
    a.test_fengzi()
  File "C:\Users\wangjf8.STAFF\packing\androidNews_system_test_package.py", line 85, in test_fengzi
    self.driver.get("http://172.30.25.19:9999/job/ifengnews_android_phone/" + element)
  File "D:\Python3\lib\site-packages\selenium\webdriver\remote\webdriver.py", line 442, in get
    self.execute(Command.GET, {'url': url})
  File "D:\Python3\lib\site-packages\selenium\webdriver\remote\webdriver.py", line 430, in execute
    self.error_handler.check_response(response)
  File "D:\Python3\lib\site-packages\selenium\webdriver\remote\errorhandler.py", line 247, in check_response
    raise exception_class(message, screen, stacktrace)
selenium.common.exceptions.WebDriverException: Message: unknown error: net::ERR_CONNECTION_TIMED_OUT
  (Session info: MicrosoftEdge=103.0.1264.49)
Stacktrace:
Backtrace:
	Microsoft::Applications::Events::EventProperties::unpack [0x00007FF6D52F3A62+24578]
	Microsoft::Applications::Events::time_ticks_t::time_ticks_t [0x00007FF6D522E5D2+563682]
	Ordinal0 [0x00007FF6D4D30FB5+659381]
	Ordinal0 [0x00007FF6D4D2AB44+633668]
	Ordinal0 [0x00007FF6D4D1D781+579457]
	Ordinal0 [0x00007FF6D4D1E4E2+582882]
	Ordinal0 [0x00007FF6D4D1DA3B+580155]
	Ordinal0 [0x00007FF6D4D1CE14+577044]
	Ordinal0 [0x00007FF6D4D1BB60+572256]
	Ordinal0 [0x00007FF6D4D1BF1C+573212]
	Ordinal0 [0x00007FF6D4D32A98+666264]
	Ordinal0 [0x00007FF6D4D9C572+1099122]
	Ordinal0 [0x00007FF6D4D877AA+1013674]
	Ordinal0 [0x00007FF6D4D9BAD7+1096407]
	Ordinal0 [0x00007FF6D4D875C3+1013187]
	Ordinal0 [0x00007FF6D4D5E4E0+845024]
	Ordinal0 [0x00007FF6D4D5F8D8+850136]
	Microsoft::Applications::Events::EventProperty::EventProperty [0x00007FF6D4FE5278+119992]
	Microsoft::Applications::Events::EventProperty::EventProperty [0x00007FF6D4FD0D87+36807]
	Microsoft::Applications::Events::EventProperty::EventProperty [0x00007FF6D4FD3F1C+49500]
	Microsoft::Applications::Events::EventProperty::to_string [0x00007FF6D4E2F606+20582]
	Microsoft::Applications::Events::time_ticks_t::time_ticks_t [0x00007FF6D5235A3B+593483]
	Microsoft::Applications::Events::time_ticks_t::time_ticks_t [0x00007FF6D523AF74+615300]
	Microsoft::Applications::Events::time_ticks_t::time_ticks_t [0x00007FF6D523B0CD+615645]
	Microsoft::Applications::Events::time_ticks_t::time_ticks_t [0x00007FF6D5245CDE+659694]
	BaseThreadInitThunk [0x00007FF8F7F77974+20]
	RtlUserThreadStart [0x00007FF8FA4FA2F1+33]

=======这里进入操作：2022-07-12, 13:05:26===========
提交时间 2022-07-12, 13:05:40
进入详情页成功等待300秒...
进入判断5秒...
进入判断5秒...
进入判断5秒...
进入判断5秒...
进入判断5秒...
进入判断5秒...
进入判断5秒...
进入判断5秒...
进入判断5秒...
进入判断5秒...
进入判断5秒...
进入判断5秒...
进入判断5秒...
进入判断5秒...
进入判断5秒...
进入判断5秒...
进入判断5秒...
进入判断5秒...
进入判断5秒...
进入判断5秒...
进入判断5秒...
进入判断5秒...
进入判断5秒...
进入判断5秒...
进入判断5秒...
进入判断5秒...
进入判断5秒...
进入判断5秒...
进入判断5秒...
进入判断5秒...
进入判断5秒...
进入判断5秒...
进入判断5秒...
进入判断5秒...
进入判断5秒...
进入判断5秒...
进入判断5秒...
进入判断5秒...
进入判断5秒...
进入判断5秒...
进入判断5秒...
进入判断5秒...
进入判断5秒...
进入判断5秒...
进入判断5秒...
进入判断5秒...
进入判断5秒...
进入判断5秒...
进入判断5秒...
进入判断5秒...
进入判断5秒...
进入判断5秒...
进入判断5秒...
进入判断5秒...
进入判断5秒...
进入判断5秒...
进入判断5秒...
进入判断5秒...
进入判断5秒...
进入判断5秒...
进入判断5秒...
进入判断5秒...
进入判断5秒...
进入判断5秒...
进入判断5秒...
进入判断5秒...
进入判断5秒...
进入判断5秒...
进入判断5秒...
图片地址为： http://10.21.7.109:9999/job/ifengnews_android_phone/14213/artifact/build/outputs/qrcode.png
获取分支为： Revision: 2454e2eb893951f6fe447dfcbea40ef7899fb688
refs/remotes/origin/IfengNewsV7510
修改信息为： No changes.
text is: http://10.21.7.109:9999/job/ifengnews_android_phone/14213/artifact/build/jiagu/IfengNewsV7510_14213_V7.51.0.apk
图片md5为： ee5734ca5d13ce80b6a1690364e98e75
图片base64为 iVBORw0KGgoAAAANSUhEUgAAAJMAAACTAQMAAACwK7lWAAAABlBMVEUAAAD///+l2Z/dAAAAAnRSTlP//8i138cAAAAJcEhZcwAACxIAAAsSAdLdfvwAAAIISURBVEiJ3Za9je0gEIUHEZBdN2CJNshoyW7APw1ct0RGG0g0YDIC5HnH67valV7CpIvswJ8lC2bOOWPi/xf9aXYSrZFLtEfARUrCCrc5WI55j5nxUsTCuMZR1VxiUpFmIZscHyHvTIOcLS4p1pf//b0+xm3ylkNaQxt+ztbFUL85jp/rp6Zd7F4oQLCXG9WvXvawk0YyDUeZYyOXDwnjqktNk6e10mI0ixjTZNLiGjayoRgiFvLl8mUs13Exn710sss0nENVUlF/67SXQaGF7dugGIl8miXsdOll8ubHhcYhtlXGoDKN7b9dG2oaJAw3lPIycGcaYC8RC/oi3iOtQR+RDwmDLSYHjfNm4GlbJKxEaAQnsBua4O0hYbhfaHhoa8hHGJWEFWyfH0+3yekiYacb5zquAS9vobGIGXvR7Us0H2IfRMzBHBALqYAy6F3CONi3z3i6HMC3t/pY4dvNL4fsTIv5zrU+dn1ZE/44GIp7at/LkJqqthmBzYj8NkjY6e3l4cvb2WvlXcJKpMnjEKgBHx9fdrMAneq3R4AR0dO3foayYUpgO3ajT+07Gdbp7x2pCmNpEcOcmYzdAyIQkf/Mt16G+bbc7bqNhQ4oEbtnsj2QQEFj5ogZMpsh8DSHJ4ckDL8wAT3Pd3yKGOY55dPZt8NITyJ21+/5HvHmLEtY7z/c32D/AOt0WRbMbMfOAAAAAElFTkSuQmCC
{'errcode': 0, 'errmsg': 'ok'}
{'errcode': 0, 'errmsg': 'ok'}
======================操作完成======================
=======这里进入操作：2022-12-05, 16:00:57===========
提交时间 2022-12-05, 16:01:20
进入详情页成功等待300秒...
进入判断5秒...
进入判断5秒...
进入判断5秒...
进入判断5秒...
进入判断5秒...
进入判断5秒...
进入判断5秒...
进入判断5秒...
进入判断5秒...
进入判断5秒...
进入判断5秒...
进入判断5秒...
进入判断5秒...
进入判断5秒...
进入判断5秒...
进入判断5秒...
进入判断5秒...
进入判断5秒...
进入判断5秒...
进入判断5秒...
进入判断5秒...
进入判断5秒...
进入判断5秒...
进入判断5秒...
进入判断5秒...
进入判断5秒...
进入判断5秒...
进入判断5秒...
进入判断5秒...
图片地址为： http://172.30.26.42:9999/job/ifengnews_android_phone/32760/artifact/build/outputs/qrcode.png
获取分支为： Revision: c24c33b6938d85231dc44377c542024019136fda
refs/remotes/origin/IfengNewsV7600
修改信息为： Changes
增加判空处理 (details)
text is: http://172.30.26.42:9999/job/ifengnews_android_phone/32760/artifact/build/jiagu/IfengNewsV7600_32760_V7.60.0.apk
图片md5为： 4297b059c275a7a9276c5d882a754b32
图片base64为 iVBORw0KGgoAAAANSUhEUgAAAJMAAACTAQMAAACwK7lWAAAABlBMVEUAAAD///+l2Z/dAAAAAnRSTlP//8i138cAAAAJcEhZcwAACxIAAAsSAdLdfvwAAAIESURBVEiJ3ZY7rqQwEEULETiDDVjyNpx5S7ABPhuALTnzNix5A5A5QNRcP9DrJ03imolmUMtSn5aqy/fWB+LfH/qv2UE0UXtTWjntnhoJO/kaHA3OcKY54KuEeT3ndFMkFZtAo5CN/mq4Rbw/YLM3m0qbY5Yy3EO1azC3Q7zP3WoY9BuDfj8fTasYnpuunq/Rp/3jZRU7SDesybW3MostuJ6dbHCJPes+QIN0ShjiDfgFGlhN9J1LFTtzy8X2i1xi34oYQ7Ns2KdFoeKol7BDmZUjNDgD76gdCWPWg0U6vDmzuDiLWC6+DZbgGypuFzF/dVRkGGwkSixhhzM3UWdpKCevImap99Cg+DY5s4sY9Mtt6WmXTm9OCUMik7tGps7RZK9ewg7HqO5NQQne6P2PSoYRgiyenoYDs4Tdrj2c7lwcfexe36oZ2kLxGuKkaCp1J2HK7AHpl/MWsjL/GPHaNZfALGEH8UK6z2lBoYW3ZyrZ6SEbEkmLxUC6GhEL0Cw2bE6PXSFkWXdvX6Jenr6sZh7D7+lLYN5FLFBXqhXmm4UMSxiew8bO4URTvnOtkn3tmThYyI9V89RpLcN+m7ndCLbjdeB7N9YxTCB1NZk6hXmvGyEbEU9hZuvePz0tYIMqfbm5CN9krOxzKvopXuzrWyX70q9FIlOpmh+aVrC/ea/799gvns0LEwHORD8AAAAASUVORK5CYII=
{'errcode': 0, 'errmsg': 'ok'}
{'errcode': 0, 'errmsg': 'ok'}
======================操作完成======================
=======这里进入操作：2022-12-06, 14:30:10===========
提交时间 2022-12-06, 14:30:38
进入详情页成功等待300秒...
进入判断5秒...
进入判断5秒...
进入判断5秒...
进入判断5秒...
进入判断5秒...
进入判断5秒...
进入判断5秒...
进入判断5秒...
进入判断5秒...
进入判断5秒...
进入判断5秒...
进入判断5秒...
进入判断5秒...
进入判断5秒...
进入判断5秒...
进入判断5秒...
进入判断5秒...
进入判断5秒...
进入判断5秒...
进入判断5秒...
进入判断5秒...
进入判断5秒...
进入判断5秒...
进入判断5秒...
进入判断5秒...
进入判断5秒...
进入判断5秒...
进入判断5秒...
进入判断5秒...
图片地址为： http://172.30.26.42:9999/job/ifengnews_android_phone/32776/artifact/build/outputs/qrcode.png
获取分支为： Revision: 6a8cad377ba0c334713be5c78d900f69be0c1fe4
refs/remotes/origin/IfengNewsV7600
修改信息为： No changes.
text is: http://172.30.26.42:9999/job/ifengnews_android_phone/32776/artifact/build/jiagu/IfengNewsV7600_32776_V7.60.0.apk
图片md5为： cfcd49c69848aa47bcdd3ef34478f67c
图片base64为 iVBORw0KGgoAAAANSUhEUgAAAJMAAACTAQMAAACwK7lWAAAABlBMVEUAAAD///+l2Z/dAAAAAnRSTlP//8i138cAAAAJcEhZcwAACxIAAAsSAdLdfvwAAAIISURBVEiJ3ZY9rqQwEIQbETiDC1jyNZz5SnABfi4AV3Lma1jyBXDmANFbDDPvPWkT9260a42Q5gtaprqqG+LfD/3X7CCaS7ooLS7tnhoJy3wOigZnuNAc8FfCvJ65vSiSik2gUcjGohtgS3/AZs+bSptiljK8B7VrMJdDve93q2HQbwz6/fvWtIq9ju75HH3af/aygh2kyWpy7aXMYm9cz7I3G5m96D5Ag5Ql7HK68SZDA1Sl5y61DGeH/OUkl9i3IgbJO2XYp+V2HPUSlktijtAgh7vwKGGHjSOuAMs4s7g4Sxjqrf4cLKFvcNwuYRdBANTTg41EiSXscIxEdpYGwpNXCWPYs0CDu2+TM7uEXc5k/8q0S/BOlrBD6UGdI1PnaLJnL2EosLPZ1NkRw7BZwg7C+ElPptGBWcbgTd05dD526pO3SqbioHgNcVI0KbNKWOb2ULi+2XEdIUMu4es1tGvRpL6yWscgm9V9SQuMFp581LKMYGGWhLRYTO6zkbBDpQtbguEaNEHGcoh9eXIJv7xzWc3QuieXwLyLGBPdnb/NvpBhCcOB3SaHoYJQPjOslt17huNwy49V8/FpHcN+m1S7EdqeUG8UMUwgd44YJwrzXjdCNoYWk29RuvfvTNezwd253FxE32QM+xzrAvopXuynb3XspV+Li0wWrvmhaQX7m++6f4/9AnnkIY3sHKFlAAAAAElFTkSuQmCC
{'errcode': 0, 'errmsg': 'ok'}
{'errcode': 0, 'errmsg': 'ok'}
======================操作完成======================
=======这里进入操作：2022-12-06, 16:25:44===========
提交时间 2022-12-06, 16:26:09
进入详情页成功等待300秒...
进入判断5秒...
进入判断5秒...
进入判断5秒...
进入判断5秒...
进入判断5秒...
进入判断5秒...
进入判断5秒...
进入判断5秒...
进入判断5秒...
进入判断5秒...
进入判断5秒...
进入判断5秒...
进入判断5秒...
进入判断5秒...
进入判断5秒...
进入判断5秒...
进入判断5秒...
进入判断5秒...
进入判断5秒...
进入判断5秒...
进入判断5秒...
进入判断5秒...
进入判断5秒...
进入判断5秒...
进入判断5秒...
进入判断5秒...
进入判断5秒...
进入判断5秒...
进入判断5秒...
进入判断5秒...
图片地址为： http://172.30.26.42:9999/job/ifengnews_android_phone/32779/artifact/build/outputs/qrcode.png
获取分支为： Revision: 6a8cad377ba0c334713be5c78d900f69be0c1fe4
refs/remotes/origin/IfengNewsV7600
修改信息为： No changes.
text is: http://172.30.26.42:9999/job/ifengnews_android_phone/32779/artifact/build/jiagu/IfengNewsV7600_32779_V7.60.0.apk
图片md5为： f2f9a92ea3f1b43d6b6e49f38c2b4d43
图片base64为 iVBORw0KGgoAAAANSUhEUgAAAJMAAACTAQMAAACwK7lWAAAABlBMVEUAAAD///+l2Z/dAAAAAnRSTlP//8i138cAAAAJcEhZcwAACxIAAAsSAdLdfvwAAAICSURBVEiJ3ZY9jqwwEIQbOXAGF0DyNZz5SnABBi4AV3Lma1jyBSAjsOhXHtgfaRO3NtqHRiPxBVZ3dXUZ4p8P/ddsJ5qsuijNLm2eGgk7OI+BBmf4pFfAq4T5/nWmiyLp2AQahWzk3LBiFCJnE/Gq0+qYpQx9+LQEczmc99VbDYN+Y+if35emVaw8PnfvU7dvs6xhO/WkMzl1aTPbggXMqZV4O/tWQ4N0iJjtG88HNLA90VNLLXNqCxg7yknslYzZPGnDPs0ajqNOwi5nVh2hwRF4K94RMHhksDAar87MLr5E7FSzzYMlzA2O2yRs17kt5/WDjUSJRcxCAGotDYR/XiSMOZeTXJnb5MwmYQenmVTZaZcObw4RO2MxOFPrEEi5E7EAy2B0ucVm03NeLYO73bPTmMBLwuCy3QHH0cf2Y5aV7PDog5cQJ00w7CJhSOuFUb7ZUI6QYT9I4zy1nAiGj12tZJQgQ3dieonDvR+17CrdG6TIjGAo4S1gu8XoYoNWPO4KGUNmv/y9l/DLvZfV7FQ73XsJzJuIcaYygRIqMxmWMDzogFxpaOE7w2oZ7pnBxcFCflw1t09rWdEglMhfAozzeTfWsfedPJ7UauR934iZQvLNuu/8s9P1bNBlL1cXMTcZe3+/tNBP82w/51bF3vopFDKV9P2maQX7zXfd32P/AIL6MvrMI8ArAAAAAElFTkSuQmCC
{'errcode': 0, 'errmsg': 'ok'}
{'errcode': 0, 'errmsg': 'ok'}
======================操作完成======================
=======这里进入操作：2022-12-22, 15:57:26===========
提交时间 2022-12-22, 15:57:50
进入详情页成功等待300秒...
进入判断5秒...
进入判断5秒...
进入判断5秒...
进入判断5秒...
进入判断5秒...
进入判断5秒...
进入判断5秒...
进入判断5秒...
进入判断5秒...
进入判断5秒...
进入判断5秒...
进入判断5秒...
进入判断5秒...
进入判断5秒...
进入判断5秒...
进入判断5秒...
进入判断5秒...
进入判断5秒...
进入判断5秒...
进入判断5秒...
进入判断5秒...
进入判断5秒...
进入判断5秒...
进入判断5秒...
进入判断5秒...
进入判断5秒...
进入判断5秒...
进入判断5秒...
进入判断5秒...
进入判断5秒...
图片地址为： http://172.30.20.21:9999/job/ifengnews_android_phone/32912/artifact/build/outputs/qrcode.png
获取分支为： Revision: 5bad3ae36aae2b99a6140ee0e1aa0003bbdc3fb7
refs/remotes/origin/IfengNewsV7610
修改信息为： Changes
单条小视频入口 短内容 支持在搜索投放 (details)
text is: http://172.30.20.21:9999/job/ifengnews_android_phone/32912/artifact/build/jiagu/IfengNewsV7610_32912_V7.61.0.apk
图片md5为： ce0187a89047950d905751e7fccdca7f
图片base64为 iVBORw0KGgoAAAANSUhEUgAAAJMAAACTAQMAAACwK7lWAAAABlBMVEUAAAD///+l2Z/dAAAAAnRSTlP//8i138cAAAAJcEhZcwAACxIAAAsSAdLdfvwAAAICSURBVEiJ3ZYxzqQwDIWNKNLBBSLlGulyJbjAABeYXCldrhEpF4COIsL7MiDNL20T71a7EULiK4yx/Z4h/v3Qf812oiXki/Lqsg/USdjBZaI0OcMnLRGPEhb0wv1FiVTqIs1CNlHpuOfzT9gSzVvlN+ohZVxmzls0l6Pu+21NDPWbo36ub02bWD1Bj4gasv/Ryxa2k+7OQq6/lFltxe2MT/aB/anHiBrkQ8IupcmaAzWwmujOpZXtio+ol5pO5tCL2GXLgEELeVWJHI0SdpzZRzz1RzA+6FnEmEakEPjtzOrSImInv22ZLKFvmDgvY3qyiId7GiizhKHVHGiwNBFNljcJw3cgErnaNxTSS9iOyp0fTVcvMYeEoeGTg7xocPSyZZSw3ebLQdNlIH7T845GxmcZ46NpdGCRsMtmpDO4NIc0PH1rZRzKHHmLAPRSZpOwi8zukL7xSEfIkMhLIV6/YXDUrctWBj+4SI9nXjFo8dZHM4vVD3zMq9Udl07CDu53lzo2R4DfCxkGnG5dYl4eXTazvIVbl8DsZSzRR9mYuJUMSxjODjWrOrAb3x7Wyj57Jk0W5cequee0lWG/LbHHYtxijTeLGPwylvmkAcaPnSNl3MP5VqUHenQuYVWXb5fGkGQM/y8KRlIXzmqfvjWyWj/uPVRS3fdb0xb2N/91/x77BRxFN/7f5Dz3AAAAAElFTkSuQmCC
{'errcode': 0, 'errmsg': 'ok'}
{'errcode': 0, 'errmsg': 'ok'}
======================操作完成======================
=======这里进入操作：2023-01-05, 14:20:18===========
提交时间 2023-01-05, 14:20:44
进入详情页成功等待300秒...
进入判断5秒...
进入判断5秒...
进入判断5秒...
进入判断5秒...
进入判断5秒...
进入判断5秒...
进入判断5秒...
进入判断5秒...
进入判断5秒...
进入判断5秒...
进入判断5秒...
进入判断5秒...
进入判断5秒...
进入判断5秒...
进入判断5秒...
进入判断5秒...
进入判断5秒...
进入判断5秒...
进入判断5秒...
进入判断5秒...
进入判断5秒...
进入判断5秒...
进入判断5秒...
进入判断5秒...
进入判断5秒...
进入判断5秒...
进入判断5秒...
进入判断5秒...
进入判断5秒...
进入判断5秒...
图片地址为： http://172.30.20.21:9999/job/ifengnews_android_phone/33038/artifact/build/outputs/qrcode.png
获取分支为： Revision: 743bc33b9ae58f86680d34c4c9f193d6d1bc7237
refs/remotes/origin/IfengNewsV7620
修改信息为： Changes
fix bugly https://bugly.qq.com/v2/crash-reporting/crashes/900002145/30941096?pid=1 (details)
更新启动logo (details)
text is: http://172.30.20.21:9999/job/ifengnews_android_phone/33038/artifact/build/jiagu/IfengNewsV7620_33038_V7.62.0.apk
图片md5为： 0dce339e298181b6f122c2de63f9abde
图片base64为 iVBORw0KGgoAAAANSUhEUgAAAJMAAACTAQMAAACwK7lWAAAABlBMVEUAAAD///+l2Z/dAAAAAnRSTlP//8i138cAAAAJcEhZcwAACxIAAAsSAdLdfvwAAAIGSURBVEiJ3Za9rd0wDIVpuFBnLyBAa6jTSvYC/lnAXkmd1hCgBa46FYaZo2cnL0AaEakSwbiAvgsQ5CEPbeI/D/3X7EO0qHRT2lw6PXUSlvmaA03OcKE14CphXq8e8SKp2AWahWzmq+OekYicrcEcKh2WWcpQh+/3YG6HeN+1tTDoNwf9Pt+aNrF6vB5r1HT+1ssW9iHdhYtcf5PZbMXtLAeTizmLHgM0SFnCGFmU+s9tNdHP/NrYh/rbXWtBOol9L2OKFgyaT5uK5GiUMNzOgFufPZ91dgQMiSyEQePDmc3FVcI48FmuyRL6hok7JexWmizi6cnFgRKLmEP6NFiaiCbLu4RBv8FCg9q3wZlTwm4HQ/fV03WXmCxhzHEO18w0OFrsNUpYruMJT18D8UEmi1iBcunxNDqwSthHmRxQfZx9HN6+tTLINgfeQ1wwsMrsEoY6bof0zYl0hAyqLwrx+h0FqceXrSwX9E2PJW0YtPD4o5XVOjwSwd7VXV3eAoY6dq6zlj06IGQ+zuXxJebl8WUzQwX28SUwnzJGa8FGqR3YyLCE4XzgLYVfFPTusEb29Z6Jk4X8GJx3ThsZ3m9r6A9C2xPizSJWNxBWPg1YSHjnCNnMPXq+KT3Q6+l29vjycHH0Ucb4mrDGHAzKm3371sig36TwLaCXun1/adrE/ua77t9jPwBN+D/VNacbjQAAAABJRU5ErkJggg==
{'errcode': 0, 'errmsg': 'ok'}
{'errcode': 0, 'errmsg': 'ok'}
======================操作完成======================
=======这里进入操作：2023-01-13, 13:59:13===========
提交时间 2023-01-13, 13:59:43
进入详情页成功等待300秒...
进入判断5秒...
进入判断5秒...
进入判断5秒...
进入判断5秒...
进入判断5秒...
进入判断5秒...
进入判断5秒...
进入判断5秒...
进入判断5秒...
进入判断5秒...
进入判断5秒...
进入判断5秒...
进入判断5秒...
进入判断5秒...
进入判断5秒...
进入判断5秒...
进入判断5秒...
进入判断5秒...
进入判断5秒...
进入判断5秒...
进入判断5秒...
进入判断5秒...
进入判断5秒...
进入判断5秒...
进入判断5秒...
进入判断5秒...
进入判断5秒...
进入判断5秒...
进入判断5秒...
进入判断5秒...
图片地址为： http://172.30.20.21:9999/job/ifengnews_android_phone/33094/artifact/build/outputs/qrcode.png
获取分支为： Revision: cb6f3d5a22a8fa367c5d89d556b1b47adb2d1eae
refs/remotes/origin/IfengNewsV7630
修改信息为： No changes.
text is: http://172.30.20.21:9999/job/ifengnews_android_phone/33094/artifact/build/jiagu/IfengNewsV7630_33094_V7.63.0.apk
图片md5为： 556aeb9209de502583727ce94cd2a62c
图片base64为 iVBORw0KGgoAAAANSUhEUgAAAJMAAACTAQMAAACwK7lWAAAABlBMVEUAAAD///+l2Z/dAAAAAnRSTlP//8i138cAAAAJcEhZcwAACxIAAAsSAdLdfvwAAAIASURBVEiJ3Za7jaUwFIYPcuAMGrDkNpy5JWiARwPQkjO3YckNQEaAOPt7YDQjbeKzE80iEr4rWfb5H77Efz/0X7OdaPT5pjz7vAVqJOzgq3ep95ZPmiI+JSyYUaubEunURBqErKerYXW7f2Ej8arz6ixLGc7h8xLt7an5drYahvkN0bzv10yrGJ5bm46vIeTtS8sqtpMhjxcjtLMruJ7dmpdgt9N0kTnmQ8J2n4bAB2bgDNG7l0p2O3VEM50X+cxBiRifadSWQ551Ik+diEU1e3ypI/AWzCBhkJqc4sCrt/hxkrDjzLNDRAi6wXGbjJm+rGd6n1rKLGG7tohy66gn6h0vEsYhdQEzKLq13m4ixhnSlUyXLrGHhO3+mmBwptbT6K5Owo6zHGXVV4tk07NeLSu6fWYaCkwSBpfBp21xempf3WoZ8jEiXhGAYNhFwjja3WP7dsN2pCyg77GeWmAc/fZLJds1z2Q6uBVGi08+qhmqGl0S0bum4auRsIMVBgCvHQEKSBk28uQSfnlzWctO1MmTS2DeZIwm4ADj2JksSxgejAGy7y4v/HZYJcM90+vUO5wGV83j01qG+22KaiXIXtYbRKw00DWc1Gr0vWmEbGAFzWdtWnozXc96XXK5+lJIMoYiiSiSD8O6V7dK9jE/tbEZS/t+m2kF+8n/ut/H/gAf9Sk6vNXTpQAAAABJRU5ErkJggg==
{'errcode': 0, 'errmsg': 'ok'}
{'errcode': 0, 'errmsg': 'ok'}
======================操作完成======================
